0 info it worked if it ends with ok
1 verbose cli [ '/usr/local/bin/node', '/usr/local/bin/npm', 'start' ]
2 info using npm@3.3.12
3 info using node@v5.2.0
4 verbose run-script [ 'prestart', 'start', 'poststart' ]
5 info lifecycle NewProject@0.0.1~prestart: NewProject@0.0.1
6 silly lifecycle NewProject@0.0.1~prestart: no script for prestart, continuing
7 info lifecycle NewProject@0.0.1~start: NewProject@0.0.1
8 verbose lifecycle NewProject@0.0.1~start: unsafe-perm in lifecycle true
9 verbose lifecycle NewProject@0.0.1~start: PATH: /usr/local/lib/node_modules/npm/bin/node-gyp-bin:/home/eduardo/react-native-movie-list-android/node_modules/.bin:/home/eduardo/.rvm/gems/ruby-2.3.0/bin:/home/eduardo/.rvm/gems/ruby-2.3.0@global/bin:/home/eduardo/.rvm/rubies/ruby-2.3.0/bin:/usr/local/heroku/bin:/home/eduardo/.rbenv/plugins/ruby-build/bin:/home/eduardo/.rbenv/shims:/home/eduardo/.rbenv/bin:/usr/local/ruby/2.1.6/bin:/usr/lib/jvm/java-8-oracle/bin:/usr/local/sbin:/usr/local/bin:/usr/sbin:/usr/bin:/sbin:/bin:/usr/local/node/4.2.2/bin:/home/eduardo/.rvm/bin:/home/eduardo:/home/eduardo/.rvm/bin
10 verbose lifecycle NewProject@0.0.1~start: CWD: /home/eduardo/react-native-movie-list-android
11 silly lifecycle NewProject@0.0.1~start: Args: [ '-c',
11 silly lifecycle   'node node_modules/react-native/local-cli/cli.js start' ]
12 silly lifecycle NewProject@0.0.1~start: Returned: code: 1  signal: null
13 info lifecycle NewProject@0.0.1~start: Failed to exec start script
14 verbose stack Error: NewProject@0.0.1 start: `node node_modules/react-native/local-cli/cli.js start`
14 verbose stack Exit status 1
14 verbose stack     at EventEmitter.<anonymous> (/usr/local/lib/node_modules/npm/lib/utils/lifecycle.js:232:16)
14 verbose stack     at emitTwo (events.js:88:13)
14 verbose stack     at EventEmitter.emit (events.js:173:7)
14 verbose stack     at ChildProcess.<anonymous> (/usr/local/lib/node_modules/npm/lib/utils/spawn.js:24:14)
14 verbose stack     at emitTwo (events.js:88:13)
14 verbose stack     at ChildProcess.emit (events.js:173:7)
14 verbose stack     at maybeClose (internal/child_process.js:819:16)
14 verbose stack     at Process.ChildProcess._handle.onexit (internal/child_process.js:212:5)
15 verbose pkgid NewProject@0.0.1
16 verbose cwd /home/eduardo/react-native-movie-list-android
17 error Linux 3.16.0-76-generic
18 error argv "/usr/local/bin/node" "/usr/local/bin/npm" "start"
19 error node v5.2.0
20 error npm  v3.3.12
21 error code ELIFECYCLE
22 error NewProject@0.0.1 start: `node node_modules/react-native/local-cli/cli.js start`
22 error Exit status 1
23 error Failed at the NewProject@0.0.1 start script 'node node_modules/react-native/local-cli/cli.js start'.
23 error Make sure you have the latest version of node.js and npm installed.
23 error If you do, this is most likely a problem with the NewProject package,
23 error not with npm itself.
23 error Tell the author that this fails on your system:
23 error     node node_modules/react-native/local-cli/cli.js start
23 error You can get their info via:
23 error     npm owner ls NewProject
23 error There is likely additional logging output above.
24 verbose exit [ 1, true ]
